Log started at 20.02.2025	19:15:01
Number of used processors (NPROC): 16.
Number of mesh partitions (NPART): 16.
Total Physical Memory = 15.75 Gb, Available Physical Memory = 4.45 Gb
Computer name:	DESKTOP-D4II8IF
Operating system:	Windows 11 (or higher) (Version 10.0.22631)

Commandline:	"C:\Program Files\SOLIDWORKS Corp\SOLIDWORKS Flow Simulation\BINCFW\efdsolver.exe" /config:"C:\Users\joshh\Documents\DeskCleanerRobot\DeskCleanerVersion2.0\1\1.xmlconfig" /guid:17d3322d-65dd-459c-9f3a-f7f3cdb5e7b9 /processors:max /m /s /prjnamelm:"Flow Simulation 2023" /prjnamehabout:"Flow Simulation 2023" /companyname:"COSMOS Applications" /prjaliasid:1009 /lang:English /port:55803

SOLIDWORKS 2023 SP2.1
Flow Simulation 2023  x64 / 5965

Project: C:\Users\joshh\Documents\DeskCleanerRobot\DeskCleanerVersion2.0\1\1.xmlconfig
Configuration name: Default
Project name: vacuum simulation
Problem type: internal-type
Exclude cavities without flow conditions: ON
NGK: OFF
MBO: OFF
-----------------------------------------------------------------------
Mesher option run = eRunMesherNormal
-----------------------------------------------------------------------

Mesh generation started:	20.2.2025	19:15:1
-----------------------------------------------------------------------
Memory Working Set Current = 17.54 Mb, Memory Working Set Peak = 17.54 Mb
Memory Private Bytes Current = 18.00 Mb, Memory Private Bytes Peak = 18.00 Mb
Process Threads Number: 7
-----------------------------------------------------------------------
Mesher adjust APD = OFF; AdjustAPD_method=0; N_per_Channel = 0; N2_per_Channel = 0
Current CPU = 0 sec
-----------------------------------------------------------------------
Geometries initialization:
-----------------------------------------------------------------------
Loading mesh settings (global/local)...
-----------------------------------------------------------------------
Number of geometries from DB: 3
Number of rotation regions: 1
Geometry(0):
	Guid = {00000000-0000-0000-0000-000000000000}
	Fluid..
	1 Body.
	1 Real body.
	-- Bodyset 0 --
		Tolerance=1.01761e-05.
		142 Face(s).
			142 of b-spline type.
		136 Face(s) that have no ref faces
		132 Plane surface(s).
		9 Cylinder surface(s).
		1 Torus surface(s).
		4916 Triangle(s).
		Getting triangle connectivities from DB: 0.000 s
		719 Edge(s).
			719 of b-spline type.
		BodyGeom reading: 0.009 s.
		4904 Reference Triangles.
		Getting triangle connectivities from DB (Ref): 0.000 s
		BodyGeom Ref reading: 0.001 s.
Geometry(1):
	Guid = {b8eb2013-7e92-45c5-973a-4d6d0d64aacf}
	Fluid..
	1 Body.
	1 Real body.
	-- Bodyset 1 --
		Tolerance=1.01761e-05.
		152 Face(s).
			152 of b-spline type.
		143 Face(s) that have no ref faces
		17 Plane surface(s).
		4 Cylinder surface(s).
		1 Cone surface(s).
		17 Torus surface(s).
		112 B- surface(s).
		1 Revolved surface(s).
		75428 Triangle(s).
		Getting triangle connectivities from DB: 0.004 s
		348 Edge(s).
			348 of b-spline type.
		BodyGeom reading: 0.026 s.
		80226 Reference Triangles.
		Getting triangle connectivities from DB (Ref): 0.004 s
		BodyGeom Ref reading: 0.009 s.
Geometry(2):
	Guid = {00000000-0000-0000-0000-000000000000}
	Solid..
	1 Body.
	1 Real body.
	-- Bodyset 2 --
		Tolerance=1.01761e-05.
		277 Face(s).
			277 of b-spline type.
		0 Face(s) that have no ref faces
		134 Plane surface(s).
		12 Cylinder surface(s).
		1 Cone surface(s).
		17 Torus surface(s).
		112 B- surface(s).
		1 Revolved surface(s).
		75532 Triangle(s).
		Getting triangle connectivities from DB: 0.004 s
		1039 Edge(s).
			1039 of b-spline type.
		BodyGeom reading: 0.029 s.
		80219 Reference Triangles.
		Getting triangle connectivities from DB (Ref): 0.004 s
		BodyGeom Ref reading: 0.010 s.
-----------------------------------------------------------------------
Number of geometries in task: 3
	G : 0	Type: Fluid
	G : 1	Type: Fluid
	G : 2	Type: Solid
Number of bodysets   in task: 3
-----------------------------------------------------------------------
BodySet (0):
	Making hash and connectivity for Bodyset ...
		CBodyGeom:
		Hash size: {20, 28, 18}.
		Mesh size: {10, 28, 6}.
		Hashing triangles...Ok.
			axis(0) tr sizes: average=28 max=461
			axis(1) tr sizes: average=40 max=184
			axis(2) tr sizes: average=26 max=336
		Number of t-connected sets:2 (cavity=1)
		CBodyGeomRef:
		Hashing triangles...Ok.
			axis(0) tr sizes: average=62 max=539
			axis(1) tr sizes: average=162 max=276
			axis(2) tr sizes: average=41 max=395
	0.00257 s.
BodySet (1):
	Making hash and connectivity for Bodyset ...
		CBodyGeom:
		Hash size: {40, 56, 24}.
		Mesh size: {10, 28, 6}.
		Hashing triangles...Ok.
			axis(0) tr sizes: average=86 max=1815
			axis(1) tr sizes: average=142 max=1231
			axis(2) tr sizes: average=60 max=934
		Number of t-connected sets:2 (cavity=1)
		CBodyGeomRef:
		Hashing triangles...Ok.
			axis(0) tr sizes: average=765 max=1829
			axis(1) tr sizes: average=1768 max=3206
			axis(2) tr sizes: average=471 max=1438
	0.0303 s.
BodySet (2):
	Making hash and connectivity for Bodyset ...
		CBodyGeom:
		Hash size: {40, 56, 24}.
		Mesh size: {10, 28, 6}.
		Hashing triangles...Ok.
			axis(0) tr sizes: average=113 max=1267
			axis(1) tr sizes: average=195 max=1118
			axis(2) tr sizes: average=101 max=742
		Number of t-connected sets:1 (cavity=0)
		CBodyGeomRef:
		Hashing triangles...Ok.
			axis(0) tr sizes: average=615 max=5059
			axis(1) tr sizes: average=1817 max=4517
			axis(2) tr sizes: average=494 max=2335
	0.0302 s.
Geometries reading and preparing has taken 0.149 s.
-----------------------------------------------------------------------
Mapped triangles:
Hashing rough geometry(bodies) triangulation:
BodySet (0):
	Triangles num=4916
	Triangles box={0.193288 ,0.219392 ,-0.15789 ,-0.0780384 ,0.280766 ,0.300301}
		3d-hash size is 47008 bytes
BodySet (1):
	Triangles num=75428
	Triangles box={0.193288 ,0.219392 ,-0.15789 ,-0.0780384 ,0.280766 ,0.300301}
		3d-hash size is 388360 bytes
BodySet (2):
	Triangles num=75532
	Triangles box={0.19334 ,0.21934 ,-0.148538 ,-0.0828968 ,0.283941 ,0.296323}
		3d-hash size is 396872 bytes

Hashing peculiar surfaces triangles:
Surface triangles (0):
	Triangles num=87
	Triangles box={0.197291 ,0.215388 ,-0.104946 ,-0.0868479 ,0.283941 ,0.283941}
		3d-hash size is 9112 bytes
Surface triangles (1):
	Triangles num=1016
	Triangles box={0.20134 ,0.21134 ,-0.147047 ,-0.147047 ,0.285832 ,0.296832}
		3d-hash size is 11988 bytes

Mapped triangles processed in 0.030 s.
-----------------------------------------------------------------------
-----------------------------------------------------------------------
Getting sectors:
Number of sectors: 0
-----------------------------------------------------------------------
-----------------------------------------------------------------------
Bodies:     3
Faces:      571
Edges:      2106
Triangles:  155876
-----------------------------------------------------------------------

Current CPU = 0 sec
-----------------------------------------------------------------------
Memory Working Set Current = 125.34 Mb, Memory Working Set Peak = 152.41 Mb
Memory Private Bytes Current = 127.00 Mb, Memory Private Bytes Peak = 153.21 Mb
Process Threads Number: 22
-----------------------------------------------------------------------
-----------------------------------------------------------------------
Checking faces on CD...
FCD = [0 0 0 0 0 0]
FCD_conflicts = 0
Time (check faces on CD)=0.000 s
-----------------------------------------------------------------------

-----------------------------------------------------------------------
Mesh dimensions:
				I[0 ]=10
				I[1 ]=28
				I[2 ]=6

Comp. domain size:
				a[0  ]=0.193314
				a[1  ]=0.219366
				a[2  ]=-0.15781
				a[3  ]=-0.0781181
				a[4  ]=0.280785
				a[5  ]=0.300282

Fluid calculated			1
Solid calculated			0
-----------------------------------------------------------------------
MESH Build started...
-----------------------------------------------------------------------
Mesh LEVEL = 1
-----------------------------------------------------------------------
-----------------------------------------------------------------------
CPT-mode xeps:
	D / dh / eps [axis=0] = (0.026052, 0.00130219, 1.30219e-06)
	D / dh / eps [axis=1] = (0.0796919, 0.00142268, 1.42268e-06)
	D / dh / eps [axis=2] = (0.0194968, 0.00162436, 1.62436e-06)
-----------------------------------------------------------------------
Initial allocation and brick-body-box intersection...OK (0.000 s)
Initial triangle brick intersection...OK (0.000 s)
Setting regions (1680 / 1680)...OK (0.000 s)
-----------------------------------------------------------------------
Base mesh info:
	3D task
	Nx=10
	Ny=28
	Nz=6
	N(Nx*Ny*Nz) = 280
	Period    axis=[0, 0, 0]
	Symmetry  ni=[0 0 0 0 0 0]
	ZoomingBC ni=[0 0 0 0 0 0]
	Nx=10
		x[0]=0.193314
		x[1]=0.19592
		x[2]=0.198525
		x[3]=0.20113
		x[4]=0.203735
		x[5]=0.20634
		x[6]=0.208946
		x[7]=0.211551
		x[8]=0.214156
		x[9]=0.216761
		x[10]=0.219366
	Ny=28
		y[0]=-0.15781
		y[1]=-0.154963
		y[2]=-0.152117
		y[3]=-0.149271
		y[4]=-0.146425
		y[5]=-0.143578
		y[6]=-0.140732
		y[7]=-0.137886
		y[8]=-0.13504
		y[9]=-0.132194
		y[10]=-0.129348
		y[11]=-0.126502
		y[12]=-0.123656
		y[13]=-0.120809
		y[14]=-0.117963
		y[15]=-0.115117
		y[16]=-0.112271
		y[17]=-0.109425
		y[18]=-0.106579
		y[19]=-0.103733
		y[20]=-0.100886
		y[21]=-0.0980403
		y[22]=-0.0951941
		y[23]=-0.092348
		y[24]=-0.0895018
		y[25]=-0.0866557
		y[26]=-0.0838096
		y[27]=-0.0809634
		y[28]=-0.0781181
	Nz=6
		z[0]=0.280785
		z[1]=0.284035
		z[2]=0.287285
		z[3]=0.290534
		z[4]=0.293784
		z[5]=0.297033
		z[6]=0.300282
-----------------------------------------------------------------------
Input_mesh_settings--------------------------------
Settings 0----------------
	Scope: GLOBAL
	Type:	------MESHER_SETTINGS----------
	RefAllCells           =0
	RefFluidCells         =0
	RefPartCells          =0
	RefSolidCells         =0
	l_SSFR(Capture crit)  =1
	l_curv(Curvature crit)=0
	l_tol(Tolerance crit) =0
	UseChannelRef         =1
	  NCR_method          =0
	  l_NCR               =1
	  N_gap               =5
	  Use d_NCR_min       =0
	  Use d_NCR_max       =0
	CloseThinSlotsHeight         =0
	--END_OF_MESHER_SETTINGS-------
End of input mesh settings-------------------------
-----------------------------------------------------------------------
Memory Working Set Current = 126.43 Mb, Memory Working Set Peak = 152.41 Mb
Memory Private Bytes Current = 130.04 Mb, Memory Private Bytes Peak = 153.21 Mb
Process Threads Number: 22
-----------------------------------------------------------------------
MMP (msh): locals=1, allc_sz=0.21 MB, used_sz=0.21 MB, blks-min-max=8/8
MMP (brx): locals=16, allc_sz=0.49 MB, used_sz=0.25 MB, blks-min-max=1/5
MMP (bcf): locals=0, allc_sz=0.00 MB, used_sz=0.00 MB, blks-min-max=0/0
MMP (xsl): locals=0, allc_sz=0.00 MB, used_sz=0.00 MB, blks-min-max=0/0
NxNyNz = [10, 28, 6]
base_dx=0.00290027; 
NxNyNz_reverse = [9, 27, 7]

-----------------------------------------------------------------------
Refining geometries:
-----------------------------------------------------------------------

-----------------------------------------------------------------------
Refining by triangulation...
Refinement input: 1680 bricks
	Checking crit (1680 / 1680)...225 marked (0.017 s)
	Time(refinement): 0.000 s
Setting regions (1800 / 3255)...OK (0.000 s)
	Checking crit (0 / 3255)...0 marked (0.000 s)
Refinement result (1 iterations): 3255 bricks (0.018 s)
Refinement input: 3255 bricks
	Checking crit (1455 / 3255)...0 marked (0.000 s)
Refinement result (0 iterations): 3255 bricks (0.001 s)
Collecting and processing rays:
	Adding rays...OK (0.000 s)
	new bricks = 3255 / 3255
	new rays   = 1261 (x=394, y=188, z=679)
	Processing rays...
		Rays process:  0.063 (0.128) s
		Sort xstacks:  0.000 (0.000) s
		Put xstacks:   0.000 (0.001) s
		Total:         0.063 s
	Correcting rays...
		Lame vertices: 0.001 (0.002) s
		Bad rays:      0.000 (0.000) s
		Emit rays:     0.000 (0.000) s
		Correct ray f: 0.000 (0.000) s
		Undef:         0.000 (0.000) s
		Sum:           0.001 (0.002) s
		Total:         0.001 s
	Time (rays): 0.066 s
Capturing (3255 / 3255)...OK (0.001 s)
Refining by triangulation takes 0.086 s
-----------------------------------------------------------------------

-----------------------------------------------------------------------
Refining peculiar surfaces...
Refinement input: 3255 bricks
	Time(refinement): 0.000 s
Setting regions (128 / 3367)...OK (0.000 s)
Refinement result (1 iterations): 3367 bricks (0.001 s)
Collecting and processing rays:
	Adding rays...OK (0.000 s)
	new bricks = 128 / 3367
	new rays   = 26 (x=0, y=11, z=15)
	Processing rays...
		Rays process:  0.000 (0.000) s
		Sort xstacks:  0.000 (0.000) s
		Put xstacks:   0.000 (0.000) s
		Total:         0.000 s
	Correcting rays...
		Lame vertices: 0.000 (0.000) s
		Bad rays:      0.000 (0.000) s
		Emit rays:     0.000 (0.000) s
		Correct ray f: 0.000 (0.000) s
		Undef:         0.000 (0.000) s
		Sum:           0.000 (0.000) s
		Total:         0.000 s
	Time (rays): 0.001 s
Capturing (128 / 3367)...OK (0.000 s)
1 surfaces refined
Refining peculiar surfaces takes 0.002 s
-----------------------------------------------------------------------

-----------------------------------------------------------------------
Base mesh 1 Refining...
Collecting and processing rays:
	Adding rays...OK (0.000 s)
	new bricks = 0 / 3367
	new rays   = 0 (x=0, y=0, z=0)
	Processing rays...
		Rays process:  0.000 (0.000) s
		Sort xstacks:  0.000 (0.000) s
		Put xstacks:   0.000 (0.000) s
		Total:         0.000 s
	Correcting rays...
		Total:         0.000 s
	Time (rays): 0.000 s
Capturing (0 / 3367)...OK (0.000 s)
Refinement input: 3367 bricks
	Checking crit (1439 / 3367)...0 marked (0.000 s)
Refinement result (0 iterations): 3367 bricks (0.000 s)
-----------------------------------------------------------------------
Refining channels...
FYI: CNarrowChannelRefiner::RefineChannels_PRLL
Refinement input: 3367 bricks
	Time(refinement): 0.000 s
Setting regions (3128 / 6104)...OK (0.000 s)
Refinement result (1 iterations): 6104 bricks (0.001 s)
Collecting and processing rays:
	Adding rays...OK (0.000 s)
	new bricks = 3128 / 6104
	new rays   = 330 (x=130, y=25, z=175)
	Processing rays...
		Rays process:  0.000 (0.001) s
		Sort xstacks:  0.000 (0.000) s
		Put xstacks:   0.000 (0.000) s
		Total:         0.000 s
	Correcting rays...
		Lame vertices: 0.000 (0.001) s
		Bad rays:      0.000 (0.000) s
		Emit rays:     0.000 (0.000) s
		Correct ray f: 0.000 (0.000) s
		Undef:         0.000 (0.000) s
		Sum:           0.000 (0.001) s
		Total:         0.001 s
	Time (rays): 0.002 s
Capturing (3128 / 6104)...OK (0.000 s)
FYI: m_iteration_count = 0
FYI: level1 statistics:
     level1_cnt_plus[1]=3128;		level1_cnt_minus[1]=0
     level1_cnt_plus[2]=0;		level1_cnt_minus[2]=0
     level1_cnt_plus[3]=0;		level1_cnt_minus[3]=0
     level1_cnt_plus[4]=0;		level1_cnt_minus[4]=0
     level1_cnt_plus[5]=0;		level1_cnt_minus[5]=0
     level1_cnt_plus[6]=0;		level1_cnt_minus[6]=0
     level1_cnt_plus[7]=0;		level1_cnt_minus[7]=0
     level1_cnt_plus[8]=0;		level1_cnt_minus[8]=0
     level1_cnt_plus[9]=0;		level1_cnt_minus[9]=0
FYI: m_iteration_count = 1
FYI: level1 statistics:
     level1_cnt_plus[1]=3128;		level1_cnt_minus[1]=0
     level1_cnt_plus[2]=0;		level1_cnt_minus[2]=0
     level1_cnt_plus[3]=0;		level1_cnt_minus[3]=0
     level1_cnt_plus[4]=0;		level1_cnt_minus[4]=0
     level1_cnt_plus[5]=0;		level1_cnt_minus[5]=0
     level1_cnt_plus[6]=0;		level1_cnt_minus[6]=0
     level1_cnt_plus[7]=0;		level1_cnt_minus[7]=0
     level1_cnt_plus[8]=0;		level1_cnt_minus[8]=0
     level1_cnt_plus[9]=0;		level1_cnt_minus[9]=0
FYI: level1 statistics:
     level1_cnt_plus[1]=3128;		level1_cnt_minus[1]=0
     level1_cnt_plus[2]=0;		level1_cnt_minus[2]=0
     level1_cnt_plus[3]=0;		level1_cnt_minus[3]=0
     level1_cnt_plus[4]=0;		level1_cnt_minus[4]=0
     level1_cnt_plus[5]=0;		level1_cnt_minus[5]=0
     level1_cnt_plus[6]=0;		level1_cnt_minus[6]=0
     level1_cnt_plus[7]=0;		level1_cnt_minus[7]=0
     level1_cnt_plus[8]=0;		level1_cnt_minus[8]=0
     level1_cnt_plus[9]=0;		level1_cnt_minus[9]=0
Refining channels...
FYI: CNarrowChannelRefiner::RefineChannels_PRLL
Refinement input: 6104 bricks
	Time(refinement): 0.000 s
Setting regions (344 / 6405)...OK (0.000 s)
Refinement result (1 iterations): 6405 bricks (0.001 s)
Collecting and processing rays:
	Adding rays...OK (0.000 s)
	new bricks = 344 / 6405
	new rays   = 6 (x=6, y=0, z=0)
	Processing rays...
		Rays process:  0.000 (0.000) s
		Sort xstacks:  0.000 (0.000) s
		Put xstacks:   0.000 (0.000) s
		Total:         0.000 s
	Correcting rays...
		Lame vertices: 0.000 (0.000) s
		Bad rays:      0.000 (0.000) s
		Emit rays:     0.000 (0.000) s
		Correct ray f: 0.000 (0.000) s
		Undef:         0.000 (0.000) s
		Sum:           0.000 (0.000) s
		Total:         0.000 s
	Time (rays): 0.001 s
Capturing (344 / 6405)...OK (0.000 s)
FYI: m_iteration_count = 0
FYI: level1 statistics:
     level1_cnt_plus[1]=3472;		level1_cnt_minus[1]=0
     level1_cnt_plus[2]=0;		level1_cnt_minus[2]=0
     level1_cnt_plus[3]=0;		level1_cnt_minus[3]=0
     level1_cnt_plus[4]=0;		level1_cnt_minus[4]=0
     level1_cnt_plus[5]=0;		level1_cnt_minus[5]=0
     level1_cnt_plus[6]=0;		level1_cnt_minus[6]=0
     level1_cnt_plus[7]=0;		level1_cnt_minus[7]=0
     level1_cnt_plus[8]=0;		level1_cnt_minus[8]=0
     level1_cnt_plus[9]=0;		level1_cnt_minus[9]=0
FYI: m_iteration_count = 1
FYI: level1 statistics:
     level1_cnt_plus[1]=3472;		level1_cnt_minus[1]=0
     level1_cnt_plus[2]=0;		level1_cnt_minus[2]=0
     level1_cnt_plus[3]=0;		level1_cnt_minus[3]=0
     level1_cnt_plus[4]=0;		level1_cnt_minus[4]=0
     level1_cnt_plus[5]=0;		level1_cnt_minus[5]=0
     level1_cnt_plus[6]=0;		level1_cnt_minus[6]=0
     level1_cnt_plus[7]=0;		level1_cnt_minus[7]=0
     level1_cnt_plus[8]=0;		level1_cnt_minus[8]=0
     level1_cnt_plus[9]=0;		level1_cnt_minus[9]=0
FYI: level1 statistics:
     level1_cnt_plus[1]=3472;		level1_cnt_minus[1]=0
     level1_cnt_plus[2]=0;		level1_cnt_minus[2]=0
     level1_cnt_plus[3]=0;		level1_cnt_minus[3]=0
     level1_cnt_plus[4]=0;		level1_cnt_minus[4]=0
     level1_cnt_plus[5]=0;		level1_cnt_minus[5]=0
     level1_cnt_plus[6]=0;		level1_cnt_minus[6]=0
     level1_cnt_plus[7]=0;		level1_cnt_minus[7]=0
     level1_cnt_plus[8]=0;		level1_cnt_minus[8]=0
     level1_cnt_plus[9]=0;		level1_cnt_minus[9]=0

-----------------------------------------------------------------------
U-shapes refinement...
Refinement input: 6405 bricks
	Checking crit (1005 / 6405)...0 marked (0.000 s)
Refinement result (0 iterations): 6405 bricks (0.000 s)
Collecting and processing rays:
	Adding rays...OK (0.000 s)
	new bricks = 0 / 6405
	new rays   = 0 (x=0, y=0, z=0)
	Processing rays...
		Rays process:  0.000 (0.000) s
		Sort xstacks:  0.000 (0.000) s
		Put xstacks:   0.000 (0.000) s
		Total:         0.000 s
	Correcting rays...
		Total:         0.000 s
	Time (rays): 0.000 s
Capturing (0 / 6405)...OK (0.000 s)
-----------------------------------------------------------------------

-----------------------------------------------------------------------
Equi Distant Refiner:
Equi Distant Refiner takes 0.00 s
-----------------------------------------------------------------------

/-Ray Intersection---------------/ Time	0.794 s
Calls                4869
CorrectRay Calls     0



-----------------------------------------------------------------------
Refining geometries takes 0.130 s
-----------------------------------------------------------------------
-----------------------------------------------------------------------
Memory Working Set Current = 183.75 Mb, Memory Working Set Peak = 183.75 Mb
Memory Private Bytes Current = 192.55 Mb, Memory Private Bytes Peak = 192.55 Mb
Process Threads Number: 22
-----------------------------------------------------------------------
Defect ray count	0
FYI: CNarrowChannelRefiner::RedistributeLevel1_step_1: is started
FYI: CNarrowChannelRefiner::RedistributeLevel1_step_1: is finished (0.000 s)
FYI: level1 statistics:
     level1_cnt_plus[1]=3472;		level1_cnt_minus[1]=0
     level1_cnt_plus[2]=0;		level1_cnt_minus[2]=0
     level1_cnt_plus[3]=0;		level1_cnt_minus[3]=0
     level1_cnt_plus[4]=0;		level1_cnt_minus[4]=0
     level1_cnt_plus[5]=0;		level1_cnt_minus[5]=0
     level1_cnt_plus[6]=0;		level1_cnt_minus[6]=0
     level1_cnt_plus[7]=0;		level1_cnt_minus[7]=0
     level1_cnt_plus[8]=0;		level1_cnt_minus[8]=0
     level1_cnt_plus[9]=0;		level1_cnt_minus[9]=0
FYI: CNarrowChannelRefiner::RedistributeLevel1_step_2: is started
FYI: CNarrowChannelRefiner::RedistributeLevel1_step_2: is finished (0.003 s)
FYI: level1 statistics:
     level1_cnt_plus[1]=3873;		level1_cnt_minus[1]=0
     level1_cnt_plus[2]=0;		level1_cnt_minus[2]=0
     level1_cnt_plus[3]=0;		level1_cnt_minus[3]=0
     level1_cnt_plus[4]=0;		level1_cnt_minus[4]=0
     level1_cnt_plus[5]=0;		level1_cnt_minus[5]=0
     level1_cnt_plus[6]=0;		level1_cnt_minus[6]=0
     level1_cnt_plus[7]=0;		level1_cnt_minus[7]=0
     level1_cnt_plus[8]=0;		level1_cnt_minus[8]=0
     level1_cnt_plus[9]=0;		level1_cnt_minus[9]=0
FYI: CNarrowChannelRefiner::RedistributeLevel1_step_3: is started
FYI: CNarrowChannelRefiner::RedistributeLevel1_step_3: is finished (0.000 s)
RedistributeLevel1 takes:
FYI: level1 statistics:
     level1_cnt_plus[1]=3873;		level1_cnt_minus[1]=6
     level1_cnt_plus[2]=0;		level1_cnt_minus[2]=0
     level1_cnt_plus[3]=0;		level1_cnt_minus[3]=0
     level1_cnt_plus[4]=0;		level1_cnt_minus[4]=0
     level1_cnt_plus[5]=0;		level1_cnt_minus[5]=0
     level1_cnt_plus[6]=0;		level1_cnt_minus[6]=0
     level1_cnt_plus[7]=0;		level1_cnt_minus[7]=0
     level1_cnt_plus[8]=0;		level1_cnt_minus[8]=0
     level1_cnt_plus[9]=0;		level1_cnt_minus[9]=0
-----------------------------------------------------------------------
MSH format builder (Iteration 0)
-----------------------------------------------------------------------
Memory Working Set Current = 184.10 Mb, Memory Working Set Peak = 184.10 Mb
Memory Private Bytes Current = 192.88 Mb, Memory Private Bytes Peak = 192.88 Mb
Process Threads Number: 22
-----------------------------------------------------------------------
Total bricks count: 6405
-----------------------------------------------------------------------
MSH (Real Geometry) format constructor:
	Geom    Count = 3
	Bodyset Count = 3
	3D task
	Getting brick sets...OK (0.000 s)

	Min x-stack xeps = 3.63012e-07
	D / dh / eps [axis=0] = (0.026052, 0.00130219, 1.21004e-07)
	D / dh / eps [axis=1] = (0.0796919, 0.00142307, 1.21004e-07)
	D / dh / eps [axis=2] = (0.0194968, 0.00162473, 1.21004e-07)
	Time (xeps): 0.000 s
Level 1
	Set (0)  size: 2700
	Set (0)  time: 0.051 s
	Set (1)  size: 2700
	Set (1)  time: 0.027 s
Level 0
	Set (0)  size: 502
	Set (0)  time: 0.000 s
	Set (1)  size: 503
	Set (1)  time: 0.000 s

	Spread npq bricks...9 marked (0.000 s)

Result:
	Bricks number:                        6405

	Memory usage:                         2.518 MB
	Memory usage (per brick):             0.403 KB
	Construction time:                    0.081 s

	Topology features:
	------------------
	- High quality bricks                   99.28 % (6359)
	- Medium quality bricks                  0.72 % (46)
	- Bad quality bricks                     0.00 % (0)
	- NPQ bricks                             1.00 % (64)
	- Type-1 bricks                         46.51 % (2979)
	- Ribs corrected bricks                  0.00 % (0)
	- Points with geom-info (bricks)         1.36 % (87)
	- Points with closest-info (bricks)      0.06 % (4)
	- Triangulated by center (bricks)        0.95 % (61)
	- Facet w-faces mergings (bricks)        0.00 % (0)
	- To refine (bricks)                     0.00 % (0)
	- Points-count                           0.00 % (0)
	- T-self-intersection-all (bricks)       0.00 % (0)
	- T-self-intersection-simple (bricks)    0.00 % (0)
	- T-self-intersection-complex (bricks)   0.00 % (0)
	- NPQ by reason 1 u-shape                0.06 % (4)
	- NPQ by reason 2 tri-by-ctr             0.22 % (14)
	- NPQ by reason 3 ray-correction         0.00 % (0)
	- NPQ by reason 4 t-self-intersection    0.00 % (0)
	- NPQ by reason 5 non-good               0.72 % (46)
	- NPQ by reason 6 npq-worker             0.00 % (0)

-----------------------------------------------------------------------
Memory Working Set Current = 226.07 Mb, Memory Working Set Peak = 226.07 Mb
Memory Private Bytes Current = 241.42 Mb, Memory Private Bytes Peak = 241.42 Mb
Process Threads Number: 22
-----------------------------------------------------------------------
-----------------------------------------------------------------------
msh-iterations: 1
-----------------------------------------------------------------------
high---q-brick-count =  99.28 % (6405 6359)
medium-q-brick-count =   0.72 % (6405 46)
bad----q-brick-count =   0.00 % (6405 0)
np-----q-brick-count =   1.14 % (6405 73)
-----------------------------------------------------------------------
Free brick parser storage...OK(0.001 s)
-----------------------------------------------------------------------
Memory Working Set Current = 226.11 Mb, Memory Working Set Peak = 226.11 Mb
Memory Private Bytes Current = 241.42 Mb, Memory Private Bytes Peak = 241.42 Mb
Process Threads Number: 22
-----------------------------------------------------------------------
-----------------------------------------------------------------------
MSH --> BCF format (Iteration 0)...
BCF collector...(remove mode=0)
	Time (alloc counter per brick): 0.000 s
	Brick    count: 6405
	Av.f all count: 4859
	Av.s all count: 5566
	Av.f pid count: 3740
	Av.s pid count: 3259
	Faces fs count: 10177
	Faces ff count: 560
	Faces ss count: 0
	Faces bb count: 0
	Faces fe count: 0
	Faces se count: 1232
	Faces fw count: 11969
	Faces af count: 12189
	Faces as count: 15295
	Time (all count): 	0.001 s
	Time (bcf alloc): 	0.001 s
	Time (shifts alloc): 	0.000 s
	Time (shifts init): 	0.000 s
	Time (bcf fill): 	0.001 s
	Time (add av to faces): 0.000 s
	Time (add faces to av): 0.001 s
Time (bcf collect): 		0.005 s
	AV checker...
		Hole marker...
			Subdomains:               2.
			Subdomains (cond):        3.
			Time (sd):      0.000 s.
			Time (sd_cond): 0.000 s.
			Time (potential-hole marking): 	0.000 s
			Time (hole checking): 0.000 s.
			0 av(s) are marked to fill subdomain holes.
		Time (hole marker): 0.002 s.
	Time (check av): 	0.002 s
	Subdomain checker...
		Subdomains construction time: 0.000 s.
		Subdomains sort time: 0.000 s.
			Subdomain 0 (geom_ind=0): 2852 av
			Subdomain 1 (geom_ind=1): 2007 av
			Subdomain 2 (geom_ind=2): 5566 av
		gi: 0, real bodies: 1
		gi: 0, subdomains:  1
		gi: 1, real bodies: 1
		gi: 1, subdomains:  1
		gi: 2, real bodies: 1
		gi: 2, subdomains:  1
		Defect subdomains: 0
	Time (check subdoms): 	0.001 s
Time (bcf iteration total): 	0.008 s
	Time (fw-nb): 		0.000 s
	Fixed mutual fw-nb:     7388 (bb: 0)
	Time (fw-nb mutual): 	0.001 s
	Time (fw-nb sort): 	0.000 s
	Fw-opt BEFORE total:    11969 (fs=10177, ff=560, ss=0)
	Fw-opt AFTER  total:    8016 (fs=6417, ff=367, ss=0, failed fw/br=12/4, big_curv=49, big_poly=0)
	Fw-opt RESULT:          3953 (res/(fs+ff+ss) = 37.49 %)
	Time (fw-opt): 		0.001 s
	Time (fw-re-order): 	0.000 s
	Time (fw-nb): 		0.002 s
	Fixed mutual fw-nb:     16079 (bb: 0)
	Time (fw-nb mutual): 	0.001 s
	Time (fw-nb sort): 	0.000 s
	Time (rfd fix): 	0.000 s
	Time (av convexity): 	0.001 s
	Time (av small volume): 0.000 s
	Time (diagonal fw-nb): 	0.004 s
	Fixed mutual fw-nb:     0 (bb: 0)
	Time (fw-nb mutual): 	0.000 s
	Time (fw-nb sort): 	0.000 s
	Fluid subdomains: 2
	Faces fw-nb diff sd:    0
	Time (fw-nb diff sd): 	0.000 s
Time (bcf calc): 		0.013 s
-----------------------------------------------------------------------
Time (bcf total): 		0.021 s
-----------------------------------------------------------------------
bcf-iterations: 1
-----------------------------------------------------------------------
-----------------------------------------------------------------------
Mega-cv constructor for fluid...
	 317 av's is treated as thin
Relative size generator (threshold = 0.05)...
	Iteration 1 (small cluster count = 271)
	Iteration 2 (small cluster count = 104)
	Iteration 3 (small cluster count = 13)
	Iteration 4 (small cluster count = 0)
	 259 mega-cv's generated
	 4 mega-cv's removed
Relative size generator is completed OK (0.001 s)
Apply fa-rules to mega-cv clusters fixes...
OK (0.000 s)
Convert clusters:
	 255 mega-cv's total
Mega-cv count: 255
Time (mega-cv fill): 	0.000 s
Time (mega-cv total): 	0.003 s
-----------------------------------------------------------------------
Mixing plane rotation regions: FOUND.
Sliding mesh rotation regions: NO.
Fluid/fluid faces: FOUND.

-----------------------------------------------------------------------
Rings Cutter:

Fluid Subdom Constructor: 2 subdom(s).
Subdom 0: I_87=0, cv_count=2852.
Subdom 1: I_87=1, cv_count=2007.
Rotating subdomains: 1
Number of ff faces in defect connections: 0
Curves of rotation: 1
Rings: 9
Time(init_rings) = 0.000 s

367 ff-faces cutting into...1134 ff-faces.
Time(cutting) = 0.001 s
Closest rings additions to ff-faces: 0 occurrences.
Double-polygons: 0, 0 new dbl-faces.
Set new ff-faces to mesh...
	Time (fw-nb): 		0.001 s
	Fixed mutual fw-nb:     268 (bb: 0)
	Time (fw-nb mutual): 	0.000 s
	Time (fw-nb sort): 	0.000 s
Time(insert new faces) = 0.003 s
Time(av/cv recalculation params): 0.001 s, 0.000 s
AV Max Disbalance(Const) :        1.06712e-09 (cid=4567, t={2, 50, 7}, avid=3543, pid=2620)
AV Max Disbalance(Linear):        2.29423e-09 (cid=4567, t={2, 50, 7}, avid=3543, pid=2620)
Time(rings) = 0.007 s
-----------------------------------------------------------------------

-----------------------------------------------------------------------
Memory Working Set Current = 232.86 Mb, Memory Working Set Peak = 232.86 Mb
Memory Private Bytes Current = 246.11 Mb, Memory Private Bytes Peak = 246.11 Mb
Process Threads Number: 22
-----------------------------------------------------------------------
----------------------------------------------------------
BCF --> BCF.GEOMSUBDOM (bridge arrays):
MESH (0):
	Fluid Subdom Constructor: 2 subdom(s).
	Solid Subdom Constructor: 1 subdom(s).
	Net Asm Subdom Constructor: 0 subdom(s).
	GEOMSUBDOM (0): gi=0 Fluid av=2852 cv=2770 fa=7325 fb=0 fw=2891 V=5.598555e-06
	Cache data...OK
	GEOMSUBDOM (1): gi=1 Fluid av=2007 cv=1817 fa=4864 fb=0 fw=4660 V=2.601991e-06
	Cache data...OK
	GEOMSUBDOM (2): gi=2 Solid av=5566 cv=5566 fa=15295 fb=0 fw=7649 V=3.227737e-05
	Cache data...OK
	Setting nb of w-faces...OK (0.001 s).
	Correcting nb of w-faces...
	Time(correct_fw_nb)=0.001 s

MESH (0) checking:
	GEOMSUBDOM (0):fa_s=0.0113784822731493 fb_s=0.0000000000000000 fw_s=0.0041179014266731 fw_nb=20700
	              :d_const(1994)=2.42738e-11 d_linear(1796)=3.30543e-11
	GEOMSUBDOM (1):fa_s=0.0054636391125416 fb_s=0.0000000000000000 fw_s=0.0031381376182747 fw_nb=35930
	              :d_const(1645)=6.52615e-11 d_linear(1645)=8.17358e-11
	GEOMSUBDOM (2):fa_s=0.0381983377058837 fb_s=0.0000000000000000 fw_s=0.0145819296607610 fw_nb=57726
	              :d_const(5214)=2.65075e-11 d_linear(2922)=2.18644e-10
MESH (0) checking: OK.
Time (MDS): 	0.006 s
----------------------------------------------------------
-----------------------------------------------------------------------
Memory Working Set Current = 235.52 Mb, Memory Working Set Peak = 235.52 Mb
Memory Private Bytes Current = 249.10 Mb, Memory Private Bytes Peak = 249.10 Mb
Process Threads Number: 22
-----------------------------------------------------------------------

-----------------------------------------------------------------------
BCF CHECKSUM DATA (Mesh 0):

BRICK |Level1| Sum:               3879
FACE_A Area Sum:   G.Fluid        0.0168421213856909
FACE_A Area Sum:   G.Solid        0.0381983377058837
FACE_W Area Sum:                  0.0155316371320154
FACE_W Nb   Sum:                  67580
FACE_W min curvatures sum:        -6230098.13450768
FACE_W max curvatures sum:        1300562.21582434
AV Max Disbalance(Const) :        1.06712e-09 (cid=4567, t={2, 50, 7}, avid=3543, pid=2620)
AV Max Disbalance(Linear):        2.29423e-09 (cid=4567, t={2, 50, 7}, avid=3543, pid=2620)
-----------------------------------------------------------------------


-----------------------------------------------------------------------
MESHER TOPOLOGY DATA:

BRICKS: Total                 6405
BRICKS: Fluid                 4098
BRICKS: Fluid Partial         2979
BRICKS: Type 1                2979
BRICKS: Max AV number         4

AV:     G.Total               10425
AV:     G.Fluid               4859
AV:     G.Solid               5566

AV:     G.Fluid Thin Profile   11.36 % (552)
AV:     G.Solid Thin Profile    7.80 % (434)

AV:     G.Fluid Thin For Mega   7.02 % (341)
AV:     G.Solid Thin For Mega   4.22 % (235)

AV:     G.Fluid Non-Convex     24.10 % (1171)
AV:     G.Solid Non-Convex     24.34 % (1355)

AV:     G.Fluid Non-Ess-Convex     13.19 % (641)
AV:     G.Solid Non-Ess-Convex     17.05 % (949)

FACE_A: G.Fluid          (af) 12189 (partially opened 7685)
FACE_A: G.Solid          (as) 15295 (partially opened 6592)

FACE_B: G.Total          (b)  0

FACE_W: G.Total                 8783        Brick/Bound
FACE_W: G.Fluid/Solid    (fs_g) 6417        0           
FACE_W: G.Fluid/Fluid    (ff_g) 1134        0           
FACE_W: G.Solid/Solid    (ss_g) 0           0           
FACE_W: G.Fluid/Void     (fv_g) 0           0           
FACE_W: G.Fluid/External (fe_g) 0
FACE_W: G.Solid/External (se_g) 1232

AV/CV max fa count (on brick side):4
AV/CV max fw count:                4
AV/CV max fb count:                0
AV/CV max fw poly count:           25

MEMORY: Total                   4.265 MB
MEMORY: Per Brick               0.682 KB
-----------------------------------------------------------------------

-----------------------------------------------------------------------
Connectivities information:
	Number of conns: 0
-----------------------------------------------------------------------
	Time (gap size): 	0.029 s
-----------------------------------------------------------------------
Memory Working Set Current = 237.91 Mb, Memory Working Set Peak = 237.91 Mb
Memory Private Bytes Current = 252.16 Mb, Memory Private Bytes Peak = 252.16 Mb
Process Threads Number: 22
-----------------------------------------------------------------------
-----------------------------------------------------------------------
Calculating curvature and tolerance criteria...
Curvature: min=0 (cid=0) max=3.14159 (cid=649)
Tolerance: min=0 (cid=0) max=0.00151793 (cid=4595)
Calculating curvature and tolerance criteria takes 0.032 s
-----------------------------------------------------------------------
MESH Build(FS) finished. Time=0.328 s
-----------------------------------------------------------------------
Current CPU = 0 sec

Nx=10
Ny=28
Nz=6
Max BRICK Level=1
Mesh Level=1
-----------------CModelBodies2MeshMapper::CollectData started -------------------------------
	Time (collect mesh base data): 0.001 s.
	Time (collect model bodies mapping): 0.001 s.
	Time (collect positive bodies mapping): 0.000 s.
	Time (collect fluid bodies mapping): 0.000 s.
-----------------CModelBodies2MeshMapper Report -------------------------------
FluidDomains 2 SolidDomains 1 VoidDomains 0 
Domains RefIndexes
----------------- -------------------------------
	ModelBodies
Total resolved Bodies 27 BodySets 1
BodySet 0
	Bodies list:
			#0	Name: SE0702bldcMotor-1/Boss-Extrude5;	ID: 865c5bc7-f7b1-4157-b236-c7a85d5d1cf6
			#1	Name: motorImpeller-1/Scale2;	ID: 8a75caaf-1e6d-40cb-bc62-060f9f50deb9
			#2	Name: Part1-1/Revolve2;	ID: 794ac53b-09f3-4675-8d5e-30c7a7257038
			#3	Name: DustBox-1/Fill Pattern1;	ID: 0ce57691-bfc9-4699-af58-6bb02e643e96
			#4	Name: LID1-1/Imported1;	ID: f9e2f674-2c4f-4754-bee0-792e313d5f89
			#5	Name: LID107-1/Imported1;	ID: e5e79c28-ea52-46c0-997a-bfcabdc12736
			#6	Name: LID112-1/Imported1;	ID: 2ca0ba59-9302-4d7d-99c8-0ded24e4f511
			#7	Name: LID118-1/Imported1;	ID: 21475934-724c-40d5-90ee-009cb09c7e32
			#8	Name: LID123-1/Imported1;	ID: a896a6cd-ab30-4c2f-bd14-d8b7cff9f0fa
			#9	Name: LID137-1/Imported1;	ID: 686bfd28-0761-4bad-b625-2e5d194824fd
			#10	Name: LID138-1/Imported1;	ID: 94a8bc34-aba1-4146-a51e-b345c33956b6
			#11	Name: LID149-1/Imported1;	ID: dde31676-6667-44e0-9ac1-f2c1e108b847
			#12	Name: LID150-1/Imported1;	ID: 81b4845f-d61d-405b-a442-9193eba6b16d
			#13	Name: LID153-1/Imported1;	ID: 03ff0986-eb76-461c-8d56-e79bf2c3b1ea
			#14	Name: LID154-1/Imported1;	ID: 9ec5e583-5e5e-4f0e-9297-98f17048e478
			#15	Name: LID159-1/Imported1;	ID: 5f8fb6fb-0e8c-41e3-ab7f-6a8edcf9222e
			#16	Name: LID187-1/Imported1;	ID: 72d93577-663b-4fbc-a8e5-e216a0740ad4
			#17	Name: LID193-1/Imported1;	ID: 8047fa60-a1d5-44fb-88e4-2a2d719b96f4
			#18	Name: LID197-1/Imported1;	ID: fd4313f5-646f-420c-9cc3-0860612986ea
			#19	Name: LID198-1/Imported1;	ID: 9cd82d96-5934-41e4-af88-e3a3458b1ef7
			#20	Name: LID199-1/Imported1;	ID: 52c9615e-716b-4342-aad9-d2c3e0f42dd6
			#21	Name: LID200-1/Imported1;	ID: 24ece745-6f37-4e33-8a7f-86a43d64e2ae
			#22	Name: LID209-1/Imported1;	ID: 924acf85-90e0-4355-b47f-1715b2a590ca
			#23	Name: LID210-1/Imported1;	ID: d8c8a09c-b7cf-4f72-a66c-da6794f811ef
			#24	Name: LID223-1/Imported1;	ID: 781df2ee-87dc-4390-85e1-eb9a6bc53a00
			#25	Name: LID227-1/Imported1;	ID: ecc81788-d30d-4ffc-b176-f6d10c884f55
			#26	Name: LID228-1/Imported1;	ID: 2fe0e98f-2595-4fe7-abea-795f7d873688
	Domains list:mesh type	 (0, 1)		 2 


--------------------------------------------------------------------------
	Positive geometry Bodies
Total resolved Bodies 3 BodySets 3
BodySet 0
	Bodies list:
			#0	Name: ;	ID: 0e6df9e2-d820-4749-992e-cdf69c9ce2ae
	Domains list:mesh type	 (0, 1)		 0 

BodySet 1
	Bodies list:
			#0	Name: ;	ID: e367c491-9ac6-484b-8d0e-c201a4f7b16b
	Domains list:mesh type	 (0, 1)		 1 

BodySet 2
	Bodies list:
			#0	Name: ;	ID: 0328c667-3d34-4658-afdc-a83e6c735050
	Domains list:mesh type	 (0, 1)		 2 


--------------------------------------------------------------------------
	Fluid regions
Total resolved Bodies 2 BodySets 1
BodySet 0	Material: Air; 
	Bodies list:
			#0	Name: ;	ID: 0e6df9e2-d820-4749-992e-cdf69c9ce2ae
			#1	Name: ;	ID: e367c491-9ac6-484b-8d0e-c201a4f7b16b
	Domains list:mesh type	 (0, 1)		 0 		 1 


--------------------------------------------------------------------------
Collect data takes...0.005 s
-----------------CModelBodies2MeshMapper::CollectData finished successfully-------------------
Saving initial mesh in: C:\Users\joshh\Documents\DeskCleanerRobot\DeskCleanerVersion2.0\1\1.fld .
Storing results...
	Estimated CPT size=2.296 MB.
	Time (write bcf): 0.077 s
Storing results takes 0.084 s
-----------------------------------------------------------------------
Memory Working Set Current = 239.70 Mb, Memory Working Set Peak = 239.70 Mb
Memory Private Bytes Current = 253.57 Mb, Memory Private Bytes Peak = 253.57 Mb
Process Threads Number: 22
-----------------------------------------------------------------------
Cleaning memory...
-----------------------------------------------------------------------
Start to free mesher data...
MMP (msh): locals=16, allc_sz=1.06 MB, used_sz=0.87 MB, blks-min-max=2/9
MMP (brx): locals=16, allc_sz=5.31 MB, used_sz=4.81 MB, blks-min-max=6/11
MMP (bcf): locals=16, allc_sz=8.71 MB, used_sz=8.06 MB, blks-min-max=6/48
MMP (xsl): locals=16, allc_sz=0.70 MB, used_sz=0.52 MB, blks-min-max=1/6
Free xsl...            OK	Time=0.000 s
Free ray collector...  OK	Time=0.000 s
Free ray intersector...OK	Time=0.000 s
Free body sets...      OK	Time=0.015 s
Free Geometry DB takes 0.000 s
Free mesh conn...      OK	Time=0.000 s
Free geomsd...         OK	Time=0.000 s
Free mbricks...        OK	Time=0.000 s
Free hash info...      OK	Time=0.000 s
Free bricks-x...       OK	Time=0.000 s
Free bcf...            OK	Time=0.000 s
Free mesh h...         OK	Time=0.000 s
Free bricks arr..      OK	Time=0.000 s
Free bricks tree...    OK	Time=0.000 s
Free mesh pools...     OK	Time=0.002 s
Free bodies mapper...  OK	Time=0.000 s
Free geom crits...     OK	Time=0.000 s
Free cpt regions...    OK	Time=0.000 s
Free peculiar surfs... OK	Time=0.000 s
Free sw-geometries...  OK	Time=0.000 s
Total free mesher data time: 0.021 s
-----------------------------------------------------------------------
Copying... OK
CPT size=2.116 MB (2218934 bytes).
Mesh generation normally finished at	20.2.2025	19:15:1
Mesher CPU = 0 sec
Mesher is finished at	20.2.2025	19:15:1
-----------------------------------------------------------------------
Memory Working Set Current = 99.28 Mb, Memory Working Set Peak = 239.70 Mb
Memory Private Bytes Current = 110.19 Mb, Memory Private Bytes Peak = 253.57 Mb
Process Threads Number: 22
-----------------------------------------------------------------------
Algebra Pool      : mem_usage = 0.25 Mb, allocated count = 0
-----------------------------------------------------------------------
Memory Working Set Current = 99.08 Mb, Memory Working Set Peak = 239.70 Mb
Memory Private Bytes Current = 110.00 Mb, Memory Private Bytes Peak = 253.57 Mb
Process Threads Number: 22
Process Threads Number Peak: 22
-----------------------------------------------------------------------
Log ended at 20.02.2025	19:15:02
